2021-01-08 16:17:27.249  INFO 8580 --- [main] s.n.newsmanger.NewsmangerApplication     : Starting NewsmangerApplication using Java 1.8.0_131 on pan with PID 8580 (H:\newsmanger\target\classes started by 18178 in H:\newsmanger)
2021-01-08 16:17:27.252  INFO 8580 --- [main] s.n.newsmanger.NewsmangerApplication     : No active profile set, falling back to default profiles: default
2021-01-08 16:17:28.012  WARN 8580 --- [main] o.m.s.mapper.ClassPathMapperScanner      : No MyBatis mapper was found in '[summer2020.newslayui.newsmanger]' package. Please check your configuration.
2021-01-08 16:17:28.490  INFO 8580 --- [main] o.s.b.w.embedded.tomcat.TomcatWebServer  : Tomcat initialized with port(s): 8081 (http)
2021-01-08 16:17:28.498  INFO 8580 --- [main] o.apache.catalina.core.StandardService   : Starting service [Tomcat]
2021-01-08 16:17:28.499  INFO 8580 --- [main] org.apache.catalina.core.StandardEngine  : Starting Servlet engine: [Apache Tomcat/9.0.41]
2021-01-08 16:17:28.573  INFO 8580 --- [main] o.a.c.c.C.[Tomcat].[localhost].[/]       : Initializing Spring embedded WebApplicationContext
2021-01-08 16:17:28.573  INFO 8580 --- [main] w.s.c.ServletWebServerApplicationContext : Root WebApplicationContext: initialization completed in 1278 ms
2021-01-08 16:17:28.744  INFO 8580 --- [main] o.s.s.concurrent.ThreadPoolTaskExecutor  : Initializing ExecutorService 'applicationTaskExecutor'
2021-01-08 16:17:28.858  WARN 8580 --- [main] org.thymeleaf.templatemode.TemplateMode  : [THYMELEAF][main] Template Mode 'HTML5' is deprecated. Using Template Mode 'HTML' instead.
2021-01-08 16:17:28.885  INFO 8580 --- [main] c.a.d.s.b.a.DruidDataSourceAutoConfigure : Init DruidDataSource
2021-01-08 16:17:29.118  INFO 8580 --- [main] com.alibaba.druid.pool.DruidDataSource   : {dataSource-1} inited
2021-01-08 16:17:29.182  WARN 8580 --- [main] ConfigServletWebServerApplicationContext : Exception encountered during context initialization - cancelling refresh attempt: org.springframework.beans.factory.BeanCreationException: Error creating bean with name 'sqlSessionFactory' defined in class path resource [org/mybatis/spring/boot/autoconfigure/MybatisAutoConfiguration.class]: Bean instantiation via factory method failed; nested exception is org.springframework.beans.BeanInstantiationException: Failed to instantiate [org.apache.ibatis.session.SqlSessionFactory]: Factory method 'sqlSessionFactory' threw exception; nested exception is org.springframework.core.NestedIOException: Failed to parse mapping resource: 'class path resource [mapping/GaoDe.xml]'; nested exception is java.io.FileNotFoundException: class path resource [mapping/GaoDe.xml] cannot be opened because it does not exist
2021-01-08 16:17:29.182  INFO 8580 --- [main] com.alibaba.druid.pool.DruidDataSource   : {dataSource-1} closing ...
2021-01-08 16:17:29.185  INFO 8580 --- [main] com.alibaba.druid.pool.DruidDataSource   : {dataSource-1} closed
2021-01-08 16:17:29.186  INFO 8580 --- [main] o.s.s.concurrent.ThreadPoolTaskExecutor  : Shutting down ExecutorService 'applicationTaskExecutor'
2021-01-08 16:17:29.188  INFO 8580 --- [main] o.apache.catalina.core.StandardService   : Stopping service [Tomcat]
2021-01-08 16:17:29.198  INFO 8580 --- [main] ConditionEvaluationReportLoggingListener : 

Error starting ApplicationContext. To display the conditions report re-run your application with 'debug' enabled.
2021-01-08 16:17:29.296 ERROR 8580 --- [main] o.s.boot.SpringApplication               : Application run failed

org.springframework.beans.factory.BeanCreationException: Error creating bean with name 'sqlSessionFactory' defined in class path resource [org/mybatis/spring/boot/autoconfigure/MybatisAutoConfiguration.class]: Bean instantiation via factory method failed; nested exception is org.springframework.beans.BeanInstantiationException: Failed to instantiate [org.apache.ibatis.session.SqlSessionFactory]: Factory method 'sqlSessionFactory' threw exception; nested exception is org.springframework.core.NestedIOException: Failed to parse mapping resource: 'class path resource [mapping/GaoDe.xml]'; nested exception is java.io.FileNotFoundException: class path resource [mapping/GaoDe.xml] cannot be opened because it does not exist
	at org.springframework.beans.factory.support.ConstructorResolver.instantiate(ConstructorResolver.java:658) ~[spring-beans-5.3.2.jar:5.3.2]
	at org.springframework.beans.factory.support.ConstructorResolver.instantiateUsingFactoryMethod(ConstructorResolver.java:638) ~[spring-beans-5.3.2.jar:5.3.2]
	at org.springframework.beans.factory.support.AbstractAutowireCapableBeanFactory.instantiateUsingFactoryMethod(AbstractAutowireCapableBeanFactory.java:1336) ~[spring-beans-5.3.2.jar:5.3.2]
	at org.springframework.beans.factory.support.AbstractAutowireCapableBeanFactory.createBeanInstance(AbstractAutowireCapableBeanFactory.java:1179) ~[spring-beans-5.3.2.jar:5.3.2]
	at org.springframework.beans.factory.support.AbstractAutowireCapableBeanFactory.doCreateBean(AbstractAutowireCapableBeanFactory.java:571) ~[spring-beans-5.3.2.jar:5.3.2]
	at org.springframework.beans.factory.support.AbstractAutowireCapableBeanFactory.createBean(AbstractAutowireCapableBeanFactory.java:531) ~[spring-beans-5.3.2.jar:5.3.2]
	at org.springframework.beans.factory.support.AbstractBeanFactory.lambda$doGetBean$0(AbstractBeanFactory.java:335) ~[spring-beans-5.3.2.jar:5.3.2]
	at org.springframework.beans.factory.support.DefaultSingletonBeanRegistry.getSingleton(DefaultSingletonBeanRegistry.java:234) ~[spring-beans-5.3.2.jar:5.3.2]
	at org.springframework.beans.factory.support.AbstractBeanFactory.doGetBean(AbstractBeanFactory.java:333) ~[spring-beans-5.3.2.jar:5.3.2]
	at org.springframework.beans.factory.support.AbstractBeanFactory.getBean(AbstractBeanFactory.java:208) ~[spring-beans-5.3.2.jar:5.3.2]
	at org.springframework.beans.factory.support.DefaultListableBeanFactory.preInstantiateSingletons(DefaultListableBeanFactory.java:944) ~[spring-beans-5.3.2.jar:5.3.2]
	at org.springframework.context.support.AbstractApplicationContext.finishBeanFactoryInitialization(AbstractApplicationContext.java:923) ~[spring-context-5.3.2.jar:5.3.2]
	at org.springframework.context.support.AbstractApplicationContext.refresh(AbstractApplicationContext.java:588) ~[spring-context-5.3.2.jar:5.3.2]
	at org.springframework.boot.web.servlet.context.ServletWebServerApplicationContext.refresh(ServletWebServerApplicationContext.java:144) ~[spring-boot-2.4.1.jar:2.4.1]
	at org.springframework.boot.SpringApplication.refresh(SpringApplication.java:767) [spring-boot-2.4.1.jar:2.4.1]
	at org.springframework.boot.SpringApplication.refresh(SpringApplication.java:759) [spring-boot-2.4.1.jar:2.4.1]
	at org.springframework.boot.SpringApplication.refreshContext(SpringApplication.java:426) [spring-boot-2.4.1.jar:2.4.1]
	at org.springframework.boot.SpringApplication.run(SpringApplication.java:326) [spring-boot-2.4.1.jar:2.4.1]
	at org.springframework.boot.SpringApplication.run(SpringApplication.java:1309) [spring-boot-2.4.1.jar:2.4.1]
	at org.springframework.boot.SpringApplication.run(SpringApplication.java:1298) [spring-boot-2.4.1.jar:2.4.1]
	at summer2020.newslayui.newsmanger.NewsmangerApplication.main(NewsmangerApplication.java:10) [classes/:na]
Caused by: org.springframework.beans.BeanInstantiationException: Failed to instantiate [org.apache.ibatis.session.SqlSessionFactory]: Factory method 'sqlSessionFactory' threw exception; nested exception is org.springframework.core.NestedIOException: Failed to parse mapping resource: 'class path resource [mapping/GaoDe.xml]'; nested exception is java.io.FileNotFoundException: class path resource [mapping/GaoDe.xml] cannot be opened because it does not exist
	at org.springframework.beans.factory.support.SimpleInstantiationStrategy.instantiate(SimpleInstantiationStrategy.java:185) ~[spring-beans-5.3.2.jar:5.3.2]
	at org.springframework.beans.factory.support.ConstructorResolver.instantiate(ConstructorResolver.java:653) ~[spring-beans-5.3.2.jar:5.3.2]
	... 20 common frames omitted
Caused by: org.springframework.core.NestedIOException: Failed to parse mapping resource: 'class path resource [mapping/GaoDe.xml]'; nested exception is java.io.FileNotFoundException: class path resource [mapping/GaoDe.xml] cannot be opened because it does not exist
	at org.mybatis.spring.SqlSessionFactoryBean.buildSqlSessionFactory(SqlSessionFactoryBean.java:613) ~[mybatis-spring-2.0.6.jar:2.0.6]
	at org.mybatis.spring.SqlSessionFactoryBean.afterPropertiesSet(SqlSessionFactoryBean.java:491) ~[mybatis-spring-2.0.6.jar:2.0.6]
	at org.mybatis.spring.SqlSessionFactoryBean.getObject(SqlSessionFactoryBean.java:633) ~[mybatis-spring-2.0.6.jar:2.0.6]
	at org.mybatis.spring.boot.autoconfigure.MybatisAutoConfiguration.sqlSessionFactory(MybatisAutoConfiguration.java:179) ~[mybatis-spring-boot-autoconfigure-2.1.4.jar:2.1.4]
	at org.mybatis.spring.boot.autoconfigure.MybatisAutoConfiguration$$EnhancerBySpringCGLIB$$c6fb4805.CGLIB$sqlSessionFactory$1(<generated>) ~[mybatis-spring-boot-autoconfigure-2.1.4.jar:2.1.4]
	at org.mybatis.spring.boot.autoconfigure.MybatisAutoConfiguration$$EnhancerBySpringCGLIB$$c6fb4805$$FastClassBySpringCGLIB$$d71bda66.invoke(<generated>) ~[mybatis-spring-boot-autoconfigure-2.1.4.jar:2.1.4]
	at org.springframework.cglib.proxy.MethodProxy.invokeSuper(MethodProxy.java:244) ~[spring-core-5.3.2.jar:5.3.2]
	at org.springframework.context.annotation.ConfigurationClassEnhancer$BeanMethodInterceptor.intercept(ConfigurationClassEnhancer.java:331) ~[spring-context-5.3.2.jar:5.3.2]
	at org.mybatis.spring.boot.autoconfigure.MybatisAutoConfiguration$$EnhancerBySpringCGLIB$$c6fb4805.sqlSessionFactory(<generated>) ~[mybatis-spring-boot-autoconfigure-2.1.4.jar:2.1.4]
	at sun.reflect.NativeMethodAccessorImpl.invoke0(Native Method) ~[na:1.8.0_131]
	at sun.reflect.NativeMethodAccessorImpl.invoke(NativeMethodAccessorImpl.java:62) ~[na:1.8.0_131]
	at sun.reflect.DelegatingMethodAccessorImpl.invoke(DelegatingMethodAccessorImpl.java:43) ~[na:1.8.0_131]
	at java.lang.reflect.Method.invoke(Method.java:498) ~[na:1.8.0_131]
	at org.springframework.beans.factory.support.SimpleInstantiationStrategy.instantiate(SimpleInstantiationStrategy.java:154) ~[spring-beans-5.3.2.jar:5.3.2]
	... 21 common frames omitted
Caused by: java.io.FileNotFoundException: class path resource [mapping/GaoDe.xml] cannot be opened because it does not exist
	at org.springframework.core.io.ClassPathResource.getInputStream(ClassPathResource.java:180) ~[spring-core-5.3.2.jar:5.3.2]
	at org.mybatis.spring.SqlSessionFactoryBean.buildSqlSessionFactory(SqlSessionFactoryBean.java:609) ~[mybatis-spring-2.0.6.jar:2.0.6]
	... 34 common frames omitted

2021-01-08 16:18:28.621  INFO 9848 --- [main] s.n.newsmanger.NewsmangerApplication     : Starting NewsmangerApplication using Java 1.8.0_131 on pan with PID 9848 (H:\newsmanger\target\classes started by 18178 in H:\newsmanger)
2021-01-08 16:18:28.624  INFO 9848 --- [main] s.n.newsmanger.NewsmangerApplication     : No active profile set, falling back to default profiles: default
2021-01-08 16:18:29.349  WARN 9848 --- [main] o.m.s.mapper.ClassPathMapperScanner      : No MyBatis mapper was found in '[summer2020.newslayui.newsmanger]' package. Please check your configuration.
2021-01-08 16:18:29.649  INFO 9848 --- [main] o.s.b.w.embedded.tomcat.TomcatWebServer  : Tomcat initialized with port(s): 8081 (http)
2021-01-08 16:18:29.657  INFO 9848 --- [main] o.apache.catalina.core.StandardService   : Starting service [Tomcat]
2021-01-08 16:18:29.657  INFO 9848 --- [main] org.apache.catalina.core.StandardEngine  : Starting Servlet engine: [Apache Tomcat/9.0.41]
2021-01-08 16:18:29.735  INFO 9848 --- [main] o.a.c.c.C.[Tomcat].[localhost].[/]       : Initializing Spring embedded WebApplicationContext
2021-01-08 16:18:29.735  INFO 9848 --- [main] w.s.c.ServletWebServerApplicationContext : Root WebApplicationContext: initialization completed in 1071 ms
2021-01-08 16:18:29.896  INFO 9848 --- [main] o.s.s.concurrent.ThreadPoolTaskExecutor  : Initializing ExecutorService 'applicationTaskExecutor'
2021-01-08 16:18:30.004  WARN 9848 --- [main] org.thymeleaf.templatemode.TemplateMode  : [THYMELEAF][main] Template Mode 'HTML5' is deprecated. Using Template Mode 'HTML' instead.
2021-01-08 16:18:30.033  INFO 9848 --- [main] c.a.d.s.b.a.DruidDataSourceAutoConfigure : Init DruidDataSource
2021-01-08 16:18:30.279  INFO 9848 --- [main] com.alibaba.druid.pool.DruidDataSource   : {dataSource-1} inited
2021-01-08 16:18:30.761  INFO 9848 --- [main] o.s.b.w.embedded.tomcat.TomcatWebServer  : Tomcat started on port(s): 8081 (http) with context path ''
2021-01-08 16:18:30.772  INFO 9848 --- [main] s.n.newsmanger.NewsmangerApplication     : Started NewsmangerApplication in 2.641 seconds (JVM running for 3.824)
2021-01-08 16:19:21.833  INFO 1440 --- [main] s.n.newsmanger.NewsmangerApplication     : Starting NewsmangerApplication using Java 1.8.0_131 on pan with PID 1440 (H:\newsmanger\target\classes started by 18178 in H:\newsmanger)
2021-01-08 16:19:21.836  INFO 1440 --- [main] s.n.newsmanger.NewsmangerApplication     : No active profile set, falling back to default profiles: default
2021-01-08 16:19:22.524  WARN 1440 --- [main] o.m.s.mapper.ClassPathMapperScanner      : No MyBatis mapper was found in '[summer2020.newslayui.newsmanger]' package. Please check your configuration.
2021-01-08 16:19:22.827  INFO 1440 --- [main] o.s.b.w.embedded.tomcat.TomcatWebServer  : Tomcat initialized with port(s): 8081 (http)
2021-01-08 16:19:22.834  INFO 1440 --- [main] o.apache.catalina.core.StandardService   : Starting service [Tomcat]
2021-01-08 16:19:22.835  INFO 1440 --- [main] org.apache.catalina.core.StandardEngine  : Starting Servlet engine: [Apache Tomcat/9.0.41]
2021-01-08 16:19:22.910  INFO 1440 --- [main] o.a.c.c.C.[Tomcat].[localhost].[/]       : Initializing Spring embedded WebApplicationContext
2021-01-08 16:19:22.910  INFO 1440 --- [main] w.s.c.ServletWebServerApplicationContext : Root WebApplicationContext: initialization completed in 1022 ms
2021-01-08 16:19:23.073  INFO 1440 --- [main] o.s.s.concurrent.ThreadPoolTaskExecutor  : Initializing ExecutorService 'applicationTaskExecutor'
2021-01-08 16:19:23.184  WARN 1440 --- [main] org.thymeleaf.templatemode.TemplateMode  : [THYMELEAF][main] Template Mode 'HTML5' is deprecated. Using Template Mode 'HTML' instead.
2021-01-08 16:19:23.213  INFO 1440 --- [main] c.a.d.s.b.a.DruidDataSourceAutoConfigure : Init DruidDataSource
2021-01-08 16:19:23.440  INFO 1440 --- [main] com.alibaba.druid.pool.DruidDataSource   : {dataSource-1} inited
2021-01-08 16:19:23.760  INFO 1440 --- [main] o.s.b.w.embedded.tomcat.TomcatWebServer  : Tomcat started on port(s): 8081 (http) with context path ''
2021-01-08 16:19:23.769  INFO 1440 --- [main] s.n.newsmanger.NewsmangerApplication     : Started NewsmangerApplication in 2.341 seconds (JVM running for 3.514)
2021-01-08 16:20:00.908  INFO 2128 --- [main] s.n.newsmanger.NewsmangerApplication     : Starting NewsmangerApplication using Java 1.8.0_131 on pan with PID 2128 (H:\newsmanger\target\classes started by 18178 in H:\newsmanger)
2021-01-08 16:20:00.911  INFO 2128 --- [main] s.n.newsmanger.NewsmangerApplication     : No active profile set, falling back to default profiles: default
2021-01-08 16:20:01.573  WARN 2128 --- [main] o.m.s.mapper.ClassPathMapperScanner      : No MyBatis mapper was found in '[summer2020.newslayui.newsmanger]' package. Please check your configuration.
2021-01-08 16:20:01.893  INFO 2128 --- [main] o.s.b.w.embedded.tomcat.TomcatWebServer  : Tomcat initialized with port(s): 8081 (http)
2021-01-08 16:20:01.901  INFO 2128 --- [main] o.apache.catalina.core.StandardService   : Starting service [Tomcat]
2021-01-08 16:20:01.901  INFO 2128 --- [main] org.apache.catalina.core.StandardEngine  : Starting Servlet engine: [Apache Tomcat/9.0.41]
2021-01-08 16:20:01.975  INFO 2128 --- [main] o.a.c.c.C.[Tomcat].[localhost].[/]       : Initializing Spring embedded WebApplicationContext
2021-01-08 16:20:01.975  INFO 2128 --- [main] w.s.c.ServletWebServerApplicationContext : Root WebApplicationContext: initialization completed in 1020 ms
2021-01-08 16:20:02.133  INFO 2128 --- [main] o.s.s.concurrent.ThreadPoolTaskExecutor  : Initializing ExecutorService 'applicationTaskExecutor'
2021-01-08 16:20:02.244  WARN 2128 --- [main] org.thymeleaf.templatemode.TemplateMode  : [THYMELEAF][main] Template Mode 'HTML5' is deprecated. Using Template Mode 'HTML' instead.
2021-01-08 16:20:02.273  INFO 2128 --- [main] c.a.d.s.b.a.DruidDataSourceAutoConfigure : Init DruidDataSource
2021-01-08 16:20:02.495  INFO 2128 --- [main] com.alibaba.druid.pool.DruidDataSource   : {dataSource-1} inited
2021-01-08 16:20:02.809  INFO 2128 --- [main] o.s.b.w.embedded.tomcat.TomcatWebServer  : Tomcat started on port(s): 8081 (http) with context path ''
2021-01-08 16:20:02.818  INFO 2128 --- [main] s.n.newsmanger.NewsmangerApplication     : Started NewsmangerApplication in 2.304 seconds (JVM running for 3.464)
